{"location":"ProductController.php:uploadImages:entry","message":"uploadImages called","data":{"productId":"30","hasFiles":true,"allFilesKeys":["images"]},"timestamp":1772138178000,"runId":"run1","hypothesisId":"C"}
{"location":"ProductController.php:uploadImages:check-images","message":"Checking images key","data":{"hasFiles":true,"isArray":true,"count":1},"timestamp":1772138178000,"runId":"run1","hypothesisId":"C"}
{"location":"ProductController.php:uploadImages:after-filter","message":"Files after filtering","data":{"count":1,"fileNames":["81FOWsAluiL.jpg"]},"timestamp":1772138178000,"runId":"run1","hypothesisId":"D"}
{"location":"ProductController.php:uploadImages:validate-file","message":"Validating file","data":{"index":0,"name":"81FOWsAluiL.jpg","mime":"image\/jpeg","size":286439,"isValid":true},"timestamp":1772138178000,"runId":"run1","hypothesisId":"D"}
{"location":"ProductController.php:uploadImages:processing-file","message":"Processing file","data":{"index":0,"name":"81FOWsAluiL.jpg"},"timestamp":1772138178000,"runId":"run1","hypothesisId":"E"}
{"location":"ProductController.php:uploadImages:file-stored","message":"File stored","data":{"path":"products\/30\/1772138178_69a0aec2ef9b5_81FOWsAluiL.jpg","directory":"products\/30","filename":"1772138178_69a0aec2ef9b5_81FOWsAluiL.jpg"},"timestamp":1772138178000,"runId":"run1","hypothesisId":"E"}
{"location":"ProductController.php:uploadImages:image-created","message":"Image record created","data":{"imageId":64,"path":"\/storage\/products\/30\/1772138178_69a0aec2ef9b5_81FOWsAluiL.jpg"},"timestamp":1772138178000,"runId":"run1","hypothesisId":"E"}
{"location":"ProductController.php:uploadImages:success-response","message":"Returning success response","data":{"uploadedCount":1,"imageIds":[64]},"timestamp":1772138178000,"runId":"run1","hypothesisId":"F"}
{"location":"ProductController.php:uploadImages:entry","message":"uploadImages called","data":{"productId":"30","hasFiles":true,"allFilesKeys":["images"]},"timestamp":1772138321000,"runId":"run1","hypothesisId":"C"}
{"location":"ProductController.php:uploadImages:check-images","message":"Checking images key","data":{"hasFiles":true,"isArray":true,"count":1},"timestamp":1772138321000,"runId":"run1","hypothesisId":"C"}
{"location":"ProductController.php:uploadImages:after-filter","message":"Files after filtering","data":{"count":1,"fileNames":["81FOWsAluiL.jpg"]},"timestamp":1772138321000,"runId":"run1","hypothesisId":"D"}
{"location":"ProductController.php:uploadImages:validate-file","message":"Validating file","data":{"index":0,"name":"81FOWsAluiL.jpg","mime":"image\/jpeg","size":286439,"isValid":true},"timestamp":1772138321000,"runId":"run1","hypothesisId":"D"}
{"location":"ProductController.php:uploadImages:processing-file","message":"Processing file","data":{"index":0,"name":"81FOWsAluiL.jpg"},"timestamp":1772138321000,"runId":"run1","hypothesisId":"E"}
{"location":"ProductController.php:uploadImages:file-stored","message":"File stored","data":{"path":"products\/30\/1772138321_69a0af51d2e3a_81FOWsAluiL.jpg","directory":"products\/30","filename":"1772138321_69a0af51d2e3a_81FOWsAluiL.jpg"},"timestamp":1772138321000,"runId":"run1","hypothesisId":"E"}
{"location":"ProductController.php:uploadImages:image-created","message":"Image record created","data":{"imageId":65,"path":"\/storage\/products\/30\/1772138321_69a0af51d2e3a_81FOWsAluiL.jpg"},"timestamp":1772138321000,"runId":"run1","hypothesisId":"E"}
{"location":"ProductController.php:uploadImages:success-response","message":"Returning success response","data":{"uploadedCount":1,"imageIds":[65]},"timestamp":1772138321000,"runId":"run1","hypothesisId":"F"}
{"location":"ProductController.php:uploadImages:file-stored","message":"File stored","data":{"path":"products\/30\/1772138512_69a0b01007934_649328.png","directory":"products\/30","filename":"1772138512_69a0b01007934_649328.png"},"timestamp":1772138512000,"runId":"run1","hypothesisId":"E"}
{"location":"ProductController.php:uploadImages:image-created","message":"Image record created","data":{"imageId":66,"path":"\/storage\/products\/30\/1772138512_69a0b01007934_649328.png"},"timestamp":1772138512000,"runId":"run1","hypothesisId":"E"}
{"location":"ProductController.php:uploadImages:file-stored","message":"File stored","data":{"path":"products\/30\/1772138512_69a0b0100bed5_709281.jpg","directory":"products\/30","filename":"1772138512_69a0b0100bed5_709281.jpg"},"timestamp":1772138512000,"runId":"run1","hypothesisId":"E"}
{"location":"ProductController.php:uploadImages:image-created","message":"Image record created","data":{"imageId":67,"path":"\/storage\/products\/30\/1772138512_69a0b0100bed5_709281.jpg"},"timestamp":1772138512000,"runId":"run1","hypothesisId":"E"}
{"location":"ProductController.php:uploadImages:file-stored","message":"File stored","data":{"path":"products\/30\/1772138512_69a0b0100d0eb_1317107.jpeg","directory":"products\/30","filename":"1772138512_69a0b0100d0eb_1317107.jpeg"},"timestamp":1772138512000,"runId":"run1","hypothesisId":"E"}
{"location":"ProductController.php:uploadImages:image-created","message":"Image record created","data":{"imageId":68,"path":"\/storage\/products\/30\/1772138512_69a0b0100d0eb_1317107.jpeg"},"timestamp":1772138512000,"runId":"run1","hypothesisId":"E"}
{"location":"ProductController.php:uploadImages:file-stored","message":"File stored","data":{"path":"products\/30\/1772138512_69a0b0100e62e_1361290.jpeg","directory":"products\/30","filename":"1772138512_69a0b0100e62e_1361290.jpeg"},"timestamp":1772138512000,"runId":"run1","hypothesisId":"E"}
{"location":"ProductController.php:uploadImages:image-created","message":"Image record created","data":{"imageId":69,"path":"\/storage\/products\/30\/1772138512_69a0b0100e62e_1361290.jpeg"},"timestamp":1772138512000,"runId":"run1","hypothesisId":"E"}
{"location":"ProductController.php:uploadImages:success-response","message":"Returning success response","data":{"uploadedCount":4,"imageIds":[66,67,68,69]},"timestamp":1772138512000,"runId":"run1","hypothesisId":"F"}
