[2026-02-26 23:58:58] local.INFO: Shipping Calculate: Requisição recebida {"url":"http://localhost/api/shipping/calculate","method":"POST","ip":"172.24.0.1","user_agent":"Mozilla/5.0 (X11; Linux x86_64) AppleWebKit/537.36 (KHTML, like Gecko) Chrome/143.0.0.0 Safari/537.36","headers":{"cookie":["XSRF-TOKEN=eyJpdiI6IlFhampBQXlOTHRRYVNVVDZwS3hGZlE9PSIsInZhbHVlIjoidUovMW9vOEJCeW5YaDMrN0FwUFh5MXRCL0grZDlPdmthbTFlR0RmakxSdkFYcHlaNDhJUEJTOVhHblhPd0MxNElWZi81bDk4ZlBkTzN4ZmNkeXByMWd6blFGZmIreHNtdklEVWtjUnJ5K2dKTS9YSTVwWGlEZFkyMGRHbG5rY1ciLCJtYWMiOiIwZTM4YTg5ZDM0ZmExZTVjNTc2OGIyYTNkMTdhOGQxMjMyOTI4M2U1YTJmOGQ4Yjc2YjZhMTZjMmFhZWVhNTA5IiwidGFnIjoiIn0%3D; psike_deloun_arts_session=eyJpdiI6InVKUTZqMG5IaUQxbmJMWFY5c21iU1E9PSIsInZhbHVlIjoiR3dUM0IwSmFNSVhGRk9ySExnNzRJVDlhbnJDeFFqWjdEdko0bE9vNVlkUEpyUWtXNUxqZmM1bkFBalRXdnFEWS9TM0RWRFVybk01d3B1VWRIdkVsTVRndGI3TXdJUDN5VW9Fb0VQbllRYjhiMUVsSlZwWXMvK296Mi9mOTFYWjkiLCJtYWMiOiJjZTc2ZmQ0ZTNlMjYwZTk5NWMyMzAwNDZiMGI3ZmQzMmNhNWQxOGNlYmMwMjgzMjlhNjE3OTFiNWY4ZTBlZmQ5IiwidGFnIjoiIn0%3D"],"accept-language":["pt-BR,pt;q=0.9,en-US;q=0.8,en;q=0.7"],"accept-encoding":["gzip, deflate, br, zstd"],"referer":["http://localhost/admin/orders"],"sec-fetch-dest":["empty"],"sec-fetch-mode":["cors"],"sec-fetch-site":["same-origin"],"origin":["http://localhost"],"content-type":["application/json"],"accept":["application/json"],"user-agent":["Mozilla/5.0 (X11; Linux x86_64) AppleWebKit/537.36 (KHTML, like Gecko) Chrome/143.0.0.0 Safari/537.36"],"sec-ch-ua-mobile":["?0"],"sec-ch-ua":["\"Google Chrome\";v=\"143\", \"Chromium\";v=\"143\", \"Not A(Brand\";v=\"24\""],"x-xsrf-token":["eyJpdiI6IlFhampBQXlOTHRRYVNVVDZwS3hGZlE9PSIsInZhbHVlIjoidUovMW9vOEJCeW5YaDMrN0FwUFh5MXRCL0grZDlPdmthbTFlR0RmakxSdkFYcHlaNDhJUEJTOVhHblhPd0MxNElWZi81bDk4ZlBkTzN4ZmNkeXByMWd6blFGZmIreHNtdklEVWtjUnJ5K2dKTS9YSTVwWGlEZFkyMGRHbG5rY1ciLCJtYWMiOiIwZTM4YTg5ZDM0ZmExZTVjNTc2OGIyYTNkMTdhOGQxMjMyOTI4M2U1YTJmOGQ4Yjc2YjZhMTZjMmFhZWVhNTA5IiwidGFnIjoiIn0="],"authorization":["Bearer eyJ0eXAiOiJKV1QiLCJhbGciOiJSUzI1NiJ9.eyJhdWQiOiJhMTJjYmQxOS0xODE2LTRmZjItODFmMi04ODgyNWM0NTk2NTgiLCJqdGkiOiJkYWI1ZmNhMDczMWFkYjBmNWRiMzZiZGUxZDE5ZGE2ODc5OWUyNTk5YjNlMjQ5YTJjZDJhYjliN2VlYWQyMTNiODdjNjZmYzQzMDNkYWI5MyIsImlhdCI6MTc3MjEzNTc2My40Njk0MDcsIm5iZiI6MTc3MjEzNTc2My40Njk0MDgsImV4cCI6MTc4Nzc3NDE2My40NjAyMDcsInN1YiI6IjEiLCJzY29wZXMiOlsiKiJdfQ.3HX-lPBvtJXMXsKzNB_bnfHzDffc4JpqP2WjQVXPUCYNVdf_d6-oYqlNffYrBvnuRUNQNT0PmssDSfIzVIofm4h4LBGqvsXFoiJEK2ZS1QdFK9J4W8jmgbnBXzf6b3AcK1UuPH7gAKjYtcPAePjlzWNg6vxnJP534u7y8oWEyo2-QTwjwUbtPDWQusFL5hzC1n4Qe4p5b_n1aGyS2nyjOhvivInPVQHqG6UrUoD8eDv7yCpCK0X7ZgkuXLAbBa_jzo2ZiB1b9iGWX6G2m-DNhc4KuDQueOD4X9yIFkiYYQJIr6n7oVVAyrCbKBrd8VYXcjH5Z-SHhJHjMgh29TN5xcSr11bPTPiE60Au0DZapgGiqyghoChM3u5Rluo6CcjakxAvhdCK8ll05-kb-9sKPp4r2QfT_qeQJhjW0MxQEfK4-2iu7iaty6HiCWjWBvg5XrqaAY9Qc9qivE3kBalI3DiTTiDKE7FMfChGDjULTO60sK-yltdKbULxfxcknukCbT95ZsPzpx1bn-B6lfJgRWjfr35rPvpv13Qkm_TGh9DnzlxphwJae4FpPCXdASZZ244s0RBbFXnBBpVdH_ol3BgDogHb7OzxaHFYNlCiXba2eUN0eje7gSHfjcJFdHXu-mCPR8Hr2XvievAB3VWWRGFRLCCoNxtIB9FFWpj1q0Y"],"sec-ch-ua-platform":["\"Linux\""],"content-length":["44"],"connection":["keep-alive"],"host":["localhost"]},"raw_body":"{\"order_id\":1,\"destination_cep\":\"29360-000\"}","all_data":{"order_id":1,"destination_cep":"29360-000"},"query_params":[]} 
[2026-02-26 23:58:58] local.INFO: Shipping Calculate: Dados validados {"validated_data":{"order_id":1,"destination_cep":"29360-000"}} 
[2026-02-26 23:58:58] local.INFO: Shipping Calculate: Buscando pedido {"order_id":1} 
[2026-02-26 23:58:58] local.INFO: Shipping Calculate: Pedido carregado {"order_id":1,"order_number":"PSK-XN46KTDV","items_count":1,"items":[{"id":1,"product_id":30,"product_name":"Tenda 21m × 12m (252m²)","quantity":1,"box_id":1,"box_name":"Caixa frande"}]} 
[2026-02-26 23:58:58] local.INFO: Shipping Calculate: Iniciando cálculo de frete {"order_id":1,"destination_cep":"29360-000"} 
[2026-02-26 23:58:58] local.INFO: Shipping Calculate: Cálculo concluído com sucesso {"order_id":1,"destination_cep":"29360-000","options_count":3,"options":[{"id":"jadlog-package","name":"Jadlog Package","company":"Jadlog","price":287.78,"delivery_time":6.0,"delivery_range":"4 a 8 dias úteis","melhor_envio_service_id":null},{"id":"correios-pac","name":"Correios PAC","company":"Correios","price":330.95,"delivery_time":8.0,"delivery_range":"6 a 10 dias úteis","melhor_envio_service_id":null},{"id":"azul-cargo","name":"Azul Cargo","company":"Azul","price":359.73,"delivery_time":4.0,"delivery_range":"3 a 5 dias úteis","melhor_envio_service_id":null}]} 
[2026-02-27 00:01:17] local.INFO: Shipping Calculate: Requisição recebida {"url":"http://localhost/api/shipping/calculate","method":"POST","ip":"172.24.0.1","user_agent":"Mozilla/5.0 (X11; Linux x86_64) AppleWebKit/537.36 (KHTML, like Gecko) Chrome/143.0.0.0 Safari/537.36","headers":{"cookie":["XSRF-TOKEN=eyJpdiI6IkNWTHBjYmFtejVsRnhYU0xxUmx5RUE9PSIsInZhbHVlIjoiNEtwdTFHZ1RyS0Z0RE5DZnBreGtZQTMxMzgvR2pSVHhVSnVmVXBVblpzNkRCWjk1cCs5dzhLbDZ5MDdJbFBJYmV0R09FUERPancybFM3QlhEdGE3aE9uTWRCZmFQZzFqNTBad2V6Z1dOcldyYXp4cUxKNEtoeXh4ZjU1V1dOOHUiLCJtYWMiOiI0ZjNiNzg3MGE2NzRkMjhmZWI1ZDU2OGEyYTQ3ZDgzMDA1Njg3MDhmYjA5MDNhZjkzYjRlMjY2ZGExNGZmNGQ4IiwidGFnIjoiIn0%3D; psike_deloun_arts_session=eyJpdiI6IkFpRHZYMGpoTUF1MDVabHREamsvQmc9PSIsInZhbHVlIjoiay9UVFBaWmdyald2L3RidjBwQVMxZnZRazhGQ1FXS0lQOUx5RndqYy9teHRhaGNvWWNnS0ZwUlFHaWdIMEZ0QWtsNEhQMWszMXNnWFZwNXJZY3M0NCtwQ2VPdU1seHhEc1lyUXMyeEFkUHJGOHdxbVZQTmNZWS9KeTRlbHlRUFEiLCJtYWMiOiJlMmQwMGMwYzkzZGVlYTI2NWNmZjdhM2FhZDEwNjJhOTRlYmI3ODg1OWY1ZGZiMjU0YzRkYjZjODI0YzBiMDdlIiwidGFnIjoiIn0%3D"],"accept-language":["pt-BR,pt;q=0.9,en-US;q=0.8,en;q=0.7"],"accept-encoding":["gzip, deflate, br, zstd"],"referer":["http://localhost/admin/orders"],"sec-fetch-dest":["empty"],"sec-fetch-mode":["cors"],"sec-fetch-site":["same-origin"],"origin":["http://localhost"],"content-type":["application/json"],"accept":["application/json"],"user-agent":["Mozilla/5.0 (X11; Linux x86_64) AppleWebKit/537.36 (KHTML, like Gecko) Chrome/143.0.0.0 Safari/537.36"],"sec-ch-ua-mobile":["?0"],"sec-ch-ua":["\"Google Chrome\";v=\"143\", \"Chromium\";v=\"143\", \"Not A(Brand\";v=\"24\""],"x-xsrf-token":["eyJpdiI6IkNWTHBjYmFtejVsRnhYU0xxUmx5RUE9PSIsInZhbHVlIjoiNEtwdTFHZ1RyS0Z0RE5DZnBreGtZQTMxMzgvR2pSVHhVSnVmVXBVblpzNkRCWjk1cCs5dzhLbDZ5MDdJbFBJYmV0R09FUERPancybFM3QlhEdGE3aE9uTWRCZmFQZzFqNTBad2V6Z1dOcldyYXp4cUxKNEtoeXh4ZjU1V1dOOHUiLCJtYWMiOiI0ZjNiNzg3MGE2NzRkMjhmZWI1ZDU2OGEyYTQ3ZDgzMDA1Njg3MDhmYjA5MDNhZjkzYjRlMjY2ZGExNGZmNGQ4IiwidGFnIjoiIn0="],"authorization":["Bearer eyJ0eXAiOiJKV1QiLCJhbGciOiJSUzI1NiJ9.eyJhdWQiOiJhMTJjYmQxOS0xODE2LTRmZjItODFmMi04ODgyNWM0NTk2NTgiLCJqdGkiOiJkYWI1ZmNhMDczMWFkYjBmNWRiMzZiZGUxZDE5ZGE2ODc5OWUyNTk5YjNlMjQ5YTJjZDJhYjliN2VlYWQyMTNiODdjNjZmYzQzMDNkYWI5MyIsImlhdCI6MTc3MjEzNTc2My40Njk0MDcsIm5iZiI6MTc3MjEzNTc2My40Njk0MDgsImV4cCI6MTc4Nzc3NDE2My40NjAyMDcsInN1YiI6IjEiLCJzY29wZXMiOlsiKiJdfQ.3HX-lPBvtJXMXsKzNB_bnfHzDffc4JpqP2WjQVXPUCYNVdf_d6-oYqlNffYrBvnuRUNQNT0PmssDSfIzVIofm4h4LBGqvsXFoiJEK2ZS1QdFK9J4W8jmgbnBXzf6b3AcK1UuPH7gAKjYtcPAePjlzWNg6vxnJP534u7y8oWEyo2-QTwjwUbtPDWQusFL5hzC1n4Qe4p5b_n1aGyS2nyjOhvivInPVQHqG6UrUoD8eDv7yCpCK0X7ZgkuXLAbBa_jzo2ZiB1b9iGWX6G2m-DNhc4KuDQueOD4X9yIFkiYYQJIr6n7oVVAyrCbKBrd8VYXcjH5Z-SHhJHjMgh29TN5xcSr11bPTPiE60Au0DZapgGiqyghoChM3u5Rluo6CcjakxAvhdCK8ll05-kb-9sKPp4r2QfT_qeQJhjW0MxQEfK4-2iu7iaty6HiCWjWBvg5XrqaAY9Qc9qivE3kBalI3DiTTiDKE7FMfChGDjULTO60sK-yltdKbULxfxcknukCbT95ZsPzpx1bn-B6lfJgRWjfr35rPvpv13Qkm_TGh9DnzlxphwJae4FpPCXdASZZ244s0RBbFXnBBpVdH_ol3BgDogHb7OzxaHFYNlCiXba2eUN0eje7gSHfjcJFdHXu-mCPR8Hr2XvievAB3VWWRGFRLCCoNxtIB9FFWpj1q0Y"],"sec-ch-ua-platform":["\"Linux\""],"content-length":["44"],"connection":["keep-alive"],"host":["localhost"]},"raw_body":"{\"order_id\":1,\"destination_cep\":\"29360-000\"}","all_data":{"order_id":1,"destination_cep":"29360-000"},"query_params":[]} 
[2026-02-27 00:01:17] local.INFO: Shipping Calculate: Dados validados {"validated_data":{"order_id":1,"destination_cep":"29360-000"}} 
[2026-02-27 00:01:17] local.INFO: Shipping Calculate: Buscando pedido {"order_id":1} 
[2026-02-27 00:01:17] local.INFO: Shipping Calculate: Pedido carregado {"order_id":1,"order_number":"PSK-XN46KTDV","items_count":1,"items":[{"id":1,"product_id":30,"product_name":"Tenda 21m × 12m (252m²)","quantity":1,"box_id":1,"box_name":"Caixa frande"}]} 
[2026-02-27 00:01:17] local.INFO: Shipping Calculate: Iniciando cálculo de frete {"order_id":1,"destination_cep":"29360-000"} 
[2026-02-27 00:01:17] local.INFO: Shipping Calculate: Cálculo concluído com sucesso {"order_id":1,"destination_cep":"29360-000","options_count":3,"options":[{"id":"jadlog-package","name":"Jadlog Package","company":"Jadlog","price":297.29,"delivery_time":6.0,"delivery_range":"4 a 8 dias úteis","melhor_envio_service_id":null},{"id":"correios-pac","name":"Correios PAC","company":"Correios","price":341.88,"delivery_time":8.0,"delivery_range":"6 a 10 dias úteis","melhor_envio_service_id":null},{"id":"azul-cargo","name":"Azul Cargo","company":"Azul","price":371.61,"delivery_time":4.0,"delivery_range":"3 a 5 dias úteis","melhor_envio_service_id":null}]} 
[2026-02-27 00:03:31] local.INFO: Shipping Calculate: Requisição recebida {"url":"http://localhost/api/shipping/calculate","method":"POST","ip":"172.24.0.1","user_agent":"Mozilla/5.0 (X11; Linux x86_64) AppleWebKit/537.36 (KHTML, like Gecko) Chrome/143.0.0.0 Safari/537.36","headers":{"cookie":["XSRF-TOKEN=eyJpdiI6IjhFb2VEMHZvSFd6YkdidU9IN3dLQ0E9PSIsInZhbHVlIjoiUUszbzBCSkV0bHNCU0ZuNGFRZWJPU0JqemxjSUpQdjdzUmlGZWZOQlVVYlR2MkZrSXdLdlpVOVFWS051SHo1VEtZRHY3SWwra3Y5SjQveFcwa21vcEd4dmNHQjFkSlRLbklNMk0raDRkaW50aGpFQ3VJQm5URzFLNy9WbFVKSGIiLCJtYWMiOiJkNWE3Y2QzOTg3NDQ2YjliZWFiMWUzYzVhMGIyNzFhYmFlNzFkZDJjNmVlZTkyZWUyNmMxYmUyZjVmY2FiYzdlIiwidGFnIjoiIn0%3D; psike_deloun_arts_session=eyJpdiI6Im5EY0VudWdldURVNVJTa0VQeEFMSHc9PSIsInZhbHVlIjoiKzdaS1lDc0R3WTlkR3J0V3VBaUpweE1idlFhK2prR1BoL3M4OE5EZGdTNm5sNjFTSDNXOERRMHlsNWdHMGxSbEo5cUlLNjZXUTY4bFdrWSsxUzJJZUZOWjMzQVVoUU1rMFkrb0YveTFid2R5VU5OVjB6dUtPRzkxdjRYa2ZCVlEiLCJtYWMiOiI1N2RlOWFmMWM4MDYwZjI3OTMzNmI5MzlhOTE0MjRjNmRiOTVkNzc1OWViYzE2ZDVlZmQyMjcwMzI2YmRlNzQzIiwidGFnIjoiIn0%3D"],"accept-language":["pt-BR,pt;q=0.9,en-US;q=0.8,en;q=0.7"],"accept-encoding":["gzip, deflate, br, zstd"],"referer":["http://localhost/admin/orders"],"sec-fetch-dest":["empty"],"sec-fetch-mode":["cors"],"sec-fetch-site":["same-origin"],"origin":["http://localhost"],"content-type":["application/json"],"accept":["application/json"],"user-agent":["Mozilla/5.0 (X11; Linux x86_64) AppleWebKit/537.36 (KHTML, like Gecko) Chrome/143.0.0.0 Safari/537.36"],"sec-ch-ua-mobile":["?0"],"sec-ch-ua":["\"Google Chrome\";v=\"143\", \"Chromium\";v=\"143\", \"Not A(Brand\";v=\"24\""],"x-xsrf-token":["eyJpdiI6IjhFb2VEMHZvSFd6YkdidU9IN3dLQ0E9PSIsInZhbHVlIjoiUUszbzBCSkV0bHNCU0ZuNGFRZWJPU0JqemxjSUpQdjdzUmlGZWZOQlVVYlR2MkZrSXdLdlpVOVFWS051SHo1VEtZRHY3SWwra3Y5SjQveFcwa21vcEd4dmNHQjFkSlRLbklNMk0raDRkaW50aGpFQ3VJQm5URzFLNy9WbFVKSGIiLCJtYWMiOiJkNWE3Y2QzOTg3NDQ2YjliZWFiMWUzYzVhMGIyNzFhYmFlNzFkZDJjNmVlZTkyZWUyNmMxYmUyZjVmY2FiYzdlIiwidGFnIjoiIn0="],"authorization":["Bearer eyJ0eXAiOiJKV1QiLCJhbGciOiJSUzI1NiJ9.eyJhdWQiOiJhMTJjYmQxOS0xODE2LTRmZjItODFmMi04ODgyNWM0NTk2NTgiLCJqdGkiOiJkYWI1ZmNhMDczMWFkYjBmNWRiMzZiZGUxZDE5ZGE2ODc5OWUyNTk5YjNlMjQ5YTJjZDJhYjliN2VlYWQyMTNiODdjNjZmYzQzMDNkYWI5MyIsImlhdCI6MTc3MjEzNTc2My40Njk0MDcsIm5iZiI6MTc3MjEzNTc2My40Njk0MDgsImV4cCI6MTc4Nzc3NDE2My40NjAyMDcsInN1YiI6IjEiLCJzY29wZXMiOlsiKiJdfQ.3HX-lPBvtJXMXsKzNB_bnfHzDffc4JpqP2WjQVXPUCYNVdf_d6-oYqlNffYrBvnuRUNQNT0PmssDSfIzVIofm4h4LBGqvsXFoiJEK2ZS1QdFK9J4W8jmgbnBXzf6b3AcK1UuPH7gAKjYtcPAePjlzWNg6vxnJP534u7y8oWEyo2-QTwjwUbtPDWQusFL5hzC1n4Qe4p5b_n1aGyS2nyjOhvivInPVQHqG6UrUoD8eDv7yCpCK0X7ZgkuXLAbBa_jzo2ZiB1b9iGWX6G2m-DNhc4KuDQueOD4X9yIFkiYYQJIr6n7oVVAyrCbKBrd8VYXcjH5Z-SHhJHjMgh29TN5xcSr11bPTPiE60Au0DZapgGiqyghoChM3u5Rluo6CcjakxAvhdCK8ll05-kb-9sKPp4r2QfT_qeQJhjW0MxQEfK4-2iu7iaty6HiCWjWBvg5XrqaAY9Qc9qivE3kBalI3DiTTiDKE7FMfChGDjULTO60sK-yltdKbULxfxcknukCbT95ZsPzpx1bn-B6lfJgRWjfr35rPvpv13Qkm_TGh9DnzlxphwJae4FpPCXdASZZ244s0RBbFXnBBpVdH_ol3BgDogHb7OzxaHFYNlCiXba2eUN0eje7gSHfjcJFdHXu-mCPR8Hr2XvievAB3VWWRGFRLCCoNxtIB9FFWpj1q0Y"],"sec-ch-ua-platform":["\"Linux\""],"content-length":["44"],"connection":["keep-alive"],"host":["localhost"]},"raw_body":"{\"order_id\":1,\"destination_cep\":\"29360-000\"}","all_data":{"order_id":1,"destination_cep":"29360-000"},"query_params":[]} 
[2026-02-27 00:03:31] local.INFO: Shipping Calculate: Dados validados {"validated_data":{"order_id":1,"destination_cep":"29360-000"}} 
[2026-02-27 00:03:31] local.INFO: Shipping Calculate: Buscando pedido {"order_id":1} 
[2026-02-27 00:03:31] local.INFO: Shipping Calculate: Pedido carregado {"order_id":1,"order_number":"PSK-XN46KTDV","items_count":1,"items":[{"id":1,"product_id":30,"product_name":"Tenda 21m × 12m (252m²)","quantity":1,"box_id":1,"box_name":"Caixa frande"}]} 
[2026-02-27 00:03:31] local.INFO: Shipping Calculate: Iniciando cálculo de frete {"order_id":1,"destination_cep":"29360-000"} 
[2026-02-27 00:03:31] local.ERROR: Melhor Envio: Token não encontrado ou inválido  
[2026-02-27 00:03:31] local.ERROR: Shipping Calculate: Erro ao calcular frete {"order_id":1,"destination_cep":"29360-000","error_message":"Token do Melhor Envio não encontrado ou inválido. É necessário autenticar primeiro.","error_trace":"#0 /var/www/html/app/Http/Controllers/Api/ShippingController.php(115): App\\Services\\ShippingService->calculateShipping(Object(App\\Models\\Order), '29360-000')
#1 /var/www/html/vendor/laravel/framework/src/Illuminate/Routing/ControllerDispatcher.php(47): App\\Http\\Controllers\\Api\\ShippingController->calculate(Object(Illuminate\\Http\\Request))
#2 /var/www/html/vendor/laravel/framework/src/Illuminate/Routing/Route.php(266): Illuminate\\Routing\\ControllerDispatcher->dispatch(Object(Illuminate\\Routing\\Route), Object(App\\Http\\Controllers\\Api\\ShippingController), 'calculate')
#3 /var/www/html/vendor/laravel/framework/src/Illuminate/Routing/Route.php(212): Illuminate\\Routing\\Route->runController()
#4 /var/www/html/vendor/laravel/framework/src/Illuminate/Routing/Router.php(808): Illuminate\\Routing\\Route->run()
#5 /var/www/html/vendor/laravel/framework/src/Illuminate/Pipeline/Pipeline.php(170): Illuminate\\Routing\\Router->Illuminate\\Routing\\{closure}(Object(Illuminate\\Http\\Request))
#6 /var/www/html/vendor/laravel/framework/src/Illuminate/Routing/Middleware/SubstituteBindings.php(51): Illuminate\\Pipeline\\Pipeline->Illuminate\\Pipeline\\{closure}(Object(Illuminate\\Http\\Request))
#7 /var/www/html/vendor/laravel/framework/src/Illuminate/Pipeline/Pipeline.php(209): Illuminate\\Routing\\Middleware\\SubstituteBindings->handle(Object(Illuminate\\Http\\Request), Object(Closure))
#8 /var/www/html/vendor/laravel/sanctum/src/Http/Middleware/EnsureFrontendRequestsAreStateful.php(26): Illuminate\\Pipeline\\Pipeline->Illuminate\\Pipeline\\{closure}(Object(Illuminate\\Http\\Request))
#9 /var/www/html/vendor/laravel/framework/src/Illuminate/Pipeline/Pipeline.php(170): Laravel\\Sanctum\\Http\\Middleware\\EnsureFrontendRequestsAreStateful->Laravel\\Sanctum\\Http\\Middleware\\{closure}(Object(Illuminate\\Http\\Request))
#10 /var/www/html/vendor/laravel/sanctum/src/Http/Middleware/AuthenticateSession.php(60): Illuminate\\Pipeline\\Pipeline->Illuminate\\Pipeline\\{closure}(Object(Illuminate\\Http\\Request))
#11 /var/www/html/vendor/laravel/framework/src/Illuminate/Pipeline/Pipeline.php(209): Laravel\\Sanctum\\Http\\Middleware\\AuthenticateSession->handle(Object(Illuminate\\Http\\Request), Object(Closure))
#12 /var/www/html/vendor/laravel/framework/src/Illuminate/Foundation/Http/Middleware/VerifyCsrfToken.php(88): Illuminate\\Pipeline\\Pipeline->Illuminate\\Pipeline\\{closure}(Object(Illuminate\\Http\\Request))
#13 /var/www/html/vendor/laravel/framework/src/Illuminate/Pipeline/Pipeline.php(209): Illuminate\\Foundation\\Http\\Middleware\\VerifyCsrfToken->handle(Object(Illuminate\\Http\\Request), Object(Closure))
#14 /var/www/html/vendor/laravel/framework/src/Illuminate/Session/Middleware/StartSession.php(121): Illuminate\\Pipeline\\Pipeline->Illuminate\\Pipeline\\{closure}(Object(Illuminate\\Http\\Request))
#15 /var/www/html/vendor/laravel/framework/src/Illuminate/Session/Middleware/StartSession.php(64): Illuminate\\Session\\Middleware\\StartSession->handleStatefulRequest(Object(Illuminate\\Http\\Request), Object(Illuminate\\Session\\Store), Object(Closure))
#16 /var/www/html/vendor/laravel/framework/src/Illuminate/Pipeline/Pipeline.php(209): Illuminate\\Session\\Middleware\\StartSession->handle(Object(Illuminate\\Http\\Request), Object(Closure))
#17 /var/www/html/vendor/laravel/framework/src/Illuminate/Cookie/Middleware/AddQueuedCookiesToResponse.php(37): Illuminate\\Pipeline\\Pipeline->Illuminate\\Pipeline\\{closure}(Object(Illuminate\\Http\\Request))
#18 /var/www/html/vendor/laravel/framework/src/Illuminate/Pipeline/Pipeline.php(209): Illuminate\\Cookie\\Middleware\\AddQueuedCookiesToResponse->handle(Object(Illuminate\\Http\\Request), Object(Closure))
#19 /var/www/html/vendor/laravel/framework/src/Illuminate/Cookie/Middleware/EncryptCookies.php(75): Illuminate\\Pipeline\\Pipeline->Illuminate\\Pipeline\\{closure}(Object(Illuminate\\Http\\Request))
#20 /var/www/html/vendor/laravel/framework/src/Illuminate/Pipeline/Pipeline.php(209): Illuminate\\Cookie\\Middleware\\EncryptCookies->handle(Object(Illuminate\\Http\\Request), Object(Closure))
#21 /var/www/html/vendor/laravel/sanctum/src/Http/Middleware/EnsureFrontendRequestsAreStateful.php(61): Illuminate\\Pipeline\\Pipeline->Illuminate\\Pipeline\\{closure}(Object(Illuminate\\Http\\Request))
#22 /var/www/html/vendor/laravel/framework/src/Illuminate/Pipeline/Pipeline.php(191): Laravel\\Sanctum\\Http\\Middleware\\EnsureFrontendRequestsAreStateful->Laravel\\Sanctum\\Http\\Middleware\\{closure}(Object(Illuminate\\Http\\Request), Object(Closure))
#23 /var/www/html/vendor/laravel/framework/src/Illuminate/Pipeline/Pipeline.php(127): Illuminate\\Pipeline\\Pipeline->Illuminate\\Pipeline\\{closure}(Object(Illuminate\\Http\\Request))
#24 /var/www/html/vendor/laravel/sanctum/src/Http/Middleware/EnsureFrontendRequestsAreStateful.php(25): Illuminate\\Pipeline\\Pipeline->then(Object(Closure))
#25 /var/www/html/vendor/laravel/framework/src/Illuminate/Pipeline/Pipeline.php(209): Laravel\\Sanctum\\Http\\Middleware\\EnsureFrontendRequestsAreStateful->handle(Object(Illuminate\\Http\\Request), Object(Closure))
#26 /var/www/html/vendor/laravel/framework/src/Illuminate/Pipeline/Pipeline.php(127): Illuminate\\Pipeline\\Pipeline->Illuminate\\Pipeline\\{closure}(Object(Illuminate\\Http\\Request))
#27 /var/www/html/vendor/laravel/framework/src/Illuminate/Routing/Router.php(807): Illuminate\\Pipeline\\Pipeline->then(Object(Closure))
#28 /var/www/html/vendor/laravel/framework/src/Illuminate/Routing/Router.php(786): Illuminate\\Routing\\Router->runRouteWithinStack(Object(Illuminate\\Routing\\Route), Object(Illuminate\\Http\\Request))
#29 /var/www/html/vendor/laravel/framework/src/Illuminate/Routing/Router.php(750): Illuminate\\Routing\\Router->runRoute(Object(Illuminate\\Http\\Request), Object(Illuminate\\Routing\\Route))
#30 /var/www/html/vendor/laravel/framework/src/Illuminate/Routing/Router.php(739): Illuminate\\Routing\\Router->dispatchToRoute(Object(Illuminate\\Http\\Request))
#31 /var/www/html/vendor/laravel/framework/src/Illuminate/Foundation/Http/Kernel.php(201): Illuminate\\Routing\\Router->dispatch(Object(Illuminate\\Http\\Request))
#32 /var/www/html/vendor/laravel/framework/src/Illuminate/Pipeline/Pipeline.php(170): Illuminate\\Foundation\\Http\\Kernel->Illuminate\\Foundation\\Http\\{closure}(Object(Illuminate\\Http\\Request))
#33 /var/www/html/vendor/laravel/framework/src/Illuminate/Foundation/Http/Middleware/TransformsRequest.php(21): Illuminate\\Pipeline\\Pipeline->Illuminate\\Pipeline\\{closure}(Object(Illuminate\\Http\\Request))
#34 /var/www/html/vendor/laravel/framework/src/Illuminate/Foundation/Http/Middleware/ConvertEmptyStringsToNull.php(31): Illuminate\\Foundation\\Http\\Middleware\\TransformsRequest->handle(Object(Illuminate\\Http\\Request), Object(Closure))
#35 /var/www/html/vendor/laravel/framework/src/Illuminate/Pipeline/Pipeline.php(209): Illuminate\\Foundation\\Http\\Middleware\\ConvertEmptyStringsToNull->handle(Object(Illuminate\\Http\\Request), Object(Closure))
#36 /var/www/html/vendor/laravel/framework/src/Illuminate/Foundation/Http/Middleware/TransformsRequest.php(21): Illuminate\\Pipeline\\Pipeline->Illuminate\\Pipeline\\{closure}(Object(Illuminate\\Http\\Request))
#37 /var/www/html/vendor/laravel/framework/src/Illuminate/Foundation/Http/Middleware/TrimStrings.php(51): Illuminate\\Foundation\\Http\\Middleware\\TransformsRequest->handle(Object(Illuminate\\Http\\Request), Object(Closure))
#38 /var/www/html/vendor/laravel/framework/src/Illuminate/Pipeline/Pipeline.php(209): Illuminate\\Foundation\\Http\\Middleware\\TrimStrings->handle(Object(Illuminate\\Http\\Request), Object(Closure))
#39 /var/www/html/vendor/laravel/framework/src/Illuminate/Http/Middleware/ValidatePostSize.php(27): Illuminate\\Pipeline\\Pipeline->Illuminate\\Pipeline\\{closure}(Object(Illuminate\\Http\\Request))
#40 /var/www/html/vendor/laravel/framework/src/Illuminate/Pipeline/Pipeline.php(209): Illuminate\\Http\\Middleware\\ValidatePostSize->handle(Object(Illuminate\\Http\\Request), Object(Closure))
#41 /var/www/html/vendor/laravel/framework/src/Illuminate/Foundation/Http/Middleware/PreventRequestsDuringMaintenance.php(110): Illuminate\\Pipeline\\Pipeline->Illuminate\\Pipeline\\{closure}(Object(Illuminate\\Http\\Request))
#42 /var/www/html/vendor/laravel/framework/src/Illuminate/Pipeline/Pipeline.php(209): Illuminate\\Foundation\\Http\\Middleware\\PreventRequestsDuringMaintenance->handle(Object(Illuminate\\Http\\Request), Object(Closure))
#43 /var/www/html/vendor/laravel/framework/src/Illuminate/Http/Middleware/HandleCors.php(62): Illuminate\\Pipeline\\Pipeline->Illuminate\\Pipeline\\{closure}(Object(Illuminate\\Http\\Request))
#44 /var/www/html/vendor/laravel/framework/src/Illuminate/Pipeline/Pipeline.php(209): Illuminate\\Http\\Middleware\\HandleCors->handle(Object(Illuminate\\Http\\Request), Object(Closure))
#45 /var/www/html/vendor/laravel/framework/src/Illuminate/Http/Middleware/TrustProxies.php(58): Illuminate\\Pipeline\\Pipeline->Illuminate\\Pipeline\\{closure}(Object(Illuminate\\Http\\Request))
#46 /var/www/html/vendor/laravel/framework/src/Illuminate/Pipeline/Pipeline.php(209): Illuminate\\Http\\Middleware\\TrustProxies->handle(Object(Illuminate\\Http\\Request), Object(Closure))
#47 /var/www/html/vendor/laravel/framework/src/Illuminate/Foundation/Http/Middleware/InvokeDeferredCallbacks.php(22): Illuminate\\Pipeline\\Pipeline->Illuminate\\Pipeline\\{closure}(Object(Illuminate\\Http\\Request))
#48 /var/www/html/vendor/laravel/framework/src/Illuminate/Pipeline/Pipeline.php(209): Illuminate\\Foundation\\Http\\Middleware\\InvokeDeferredCallbacks->handle(Object(Illuminate\\Http\\Request), Object(Closure))
#49 /var/www/html/vendor/laravel/framework/src/Illuminate/Pipeline/Pipeline.php(127): Illuminate\\Pipeline\\Pipeline->Illuminate\\Pipeline\\{closure}(Object(Illuminate\\Http\\Request))
#50 /var/www/html/vendor/laravel/framework/src/Illuminate/Foundation/Http/Kernel.php(176): Illuminate\\Pipeline\\Pipeline->then(Object(Closure))
#51 /var/www/html/vendor/laravel/framework/src/Illuminate/Foundation/Http/Kernel.php(145): Illuminate\\Foundation\\Http\\Kernel->sendRequestThroughRouter(Object(Illuminate\\Http\\Request))
#52 /var/www/html/vendor/laravel/framework/src/Illuminate/Foundation/Application.php(1220): Illuminate\\Foundation\\Http\\Kernel->handle(Object(Illuminate\\Http\\Request))
#53 /var/www/html/public/index.php(17): Illuminate\\Foundation\\Application->handleRequest(Object(Illuminate\\Http\\Request))
#54 {main}","error_file":"/var/www/html/app/Services/ShippingService.php","error_line":117} 
[2026-02-27 00:06:33] local.INFO: Shipping Calculate: Requisição recebida {"url":"http://localhost/api/shipping/calculate","method":"POST","ip":"172.24.0.1","user_agent":"Mozilla/5.0 (X11; Linux x86_64) AppleWebKit/537.36 (KHTML, like Gecko) Chrome/143.0.0.0 Safari/537.36","headers":{"cookie":["XSRF-TOKEN=eyJpdiI6IkJHUGJxcnUrcks1TUwxaXdDeDRoY1E9PSIsInZhbHVlIjoiZjM5TXIzZFYvMkhjTU1EM0ZtNU1LbVpXNGZrYzRGV0ZGdURjRHMyZ0xvZXlxUWZEYWFOaWtlYnpIN2twMklYOXYvclpRaEVieEJ4bVp1dFVTbWF4YlV1am1WRVJrNmJUOEdxTGtwZm9HN2hPTjZINlFzSFFDQ3l2VWRGYkxSMWEiLCJtYWMiOiJjZTU0ZThjMGMwZjMzNWZiOTMyYjA2YjRmYjM1ZWIzN2E2NmZjNzU0YTkxNjRlNzE5MTcwZmZiYmZkODI3ODg1IiwidGFnIjoiIn0%3D; psike_deloun_arts_session=eyJpdiI6IjR0bVQ3TUdLZFdPRUZtSnF6WjFHL2c9PSIsInZhbHVlIjoidnhSSXNnSzlLL3VIT3VCNUFNOVFnZEN4TXNQY1JTaHEyTG1TRGdLUEc3WW01OWU3bE5VbmFrQVJhL2M3MU9oMjlqZ0pvbVpLSUxWb2ErT3lpTmN0V0dtSTZTOE80aDc0TnVJSXExaGwrN29YZVh0N0xZSDlyWm5lSHVJYjFrdHIiLCJtYWMiOiJhYzA4MjRmZDU5YzM3OWNlYTQ2ZjhlMzQxYzBkOGE0MTEzN2ZhN2NkYjhjYTAxM2RhOGQ2ZmRiNDdkNDY1NTI5IiwidGFnIjoiIn0%3D"],"accept-language":["pt-BR,pt;q=0.9,en-US;q=0.8,en;q=0.7"],"accept-encoding":["gzip, deflate, br, zstd"],"referer":["http://localhost/admin/orders"],"sec-fetch-dest":["empty"],"sec-fetch-mode":["cors"],"sec-fetch-site":["same-origin"],"origin":["http://localhost"],"content-type":["application/json"],"accept":["application/json"],"user-agent":["Mozilla/5.0 (X11; Linux x86_64) AppleWebKit/537.36 (KHTML, like Gecko) Chrome/143.0.0.0 Safari/537.36"],"sec-ch-ua-mobile":["?0"],"sec-ch-ua":["\"Google Chrome\";v=\"143\", \"Chromium\";v=\"143\", \"Not A(Brand\";v=\"24\""],"x-xsrf-token":["eyJpdiI6IkJHUGJxcnUrcks1TUwxaXdDeDRoY1E9PSIsInZhbHVlIjoiZjM5TXIzZFYvMkhjTU1EM0ZtNU1LbVpXNGZrYzRGV0ZGdURjRHMyZ0xvZXlxUWZEYWFOaWtlYnpIN2twMklYOXYvclpRaEVieEJ4bVp1dFVTbWF4YlV1am1WRVJrNmJUOEdxTGtwZm9HN2hPTjZINlFzSFFDQ3l2VWRGYkxSMWEiLCJtYWMiOiJjZTU0ZThjMGMwZjMzNWZiOTMyYjA2YjRmYjM1ZWIzN2E2NmZjNzU0YTkxNjRlNzE5MTcwZmZiYmZkODI3ODg1IiwidGFnIjoiIn0="],"authorization":["Bearer eyJ0eXAiOiJKV1QiLCJhbGciOiJSUzI1NiJ9.eyJhdWQiOiJhMTJjYmQxOS0xODE2LTRmZjItODFmMi04ODgyNWM0NTk2NTgiLCJqdGkiOiJkYWI1ZmNhMDczMWFkYjBmNWRiMzZiZGUxZDE5ZGE2ODc5OWUyNTk5YjNlMjQ5YTJjZDJhYjliN2VlYWQyMTNiODdjNjZmYzQzMDNkYWI5MyIsImlhdCI6MTc3MjEzNTc2My40Njk0MDcsIm5iZiI6MTc3MjEzNTc2My40Njk0MDgsImV4cCI6MTc4Nzc3NDE2My40NjAyMDcsInN1YiI6IjEiLCJzY29wZXMiOlsiKiJdfQ.3HX-lPBvtJXMXsKzNB_bnfHzDffc4JpqP2WjQVXPUCYNVdf_d6-oYqlNffYrBvnuRUNQNT0PmssDSfIzVIofm4h4LBGqvsXFoiJEK2ZS1QdFK9J4W8jmgbnBXzf6b3AcK1UuPH7gAKjYtcPAePjlzWNg6vxnJP534u7y8oWEyo2-QTwjwUbtPDWQusFL5hzC1n4Qe4p5b_n1aGyS2nyjOhvivInPVQHqG6UrUoD8eDv7yCpCK0X7ZgkuXLAbBa_jzo2ZiB1b9iGWX6G2m-DNhc4KuDQueOD4X9yIFkiYYQJIr6n7oVVAyrCbKBrd8VYXcjH5Z-SHhJHjMgh29TN5xcSr11bPTPiE60Au0DZapgGiqyghoChM3u5Rluo6CcjakxAvhdCK8ll05-kb-9sKPp4r2QfT_qeQJhjW0MxQEfK4-2iu7iaty6HiCWjWBvg5XrqaAY9Qc9qivE3kBalI3DiTTiDKE7FMfChGDjULTO60sK-yltdKbULxfxcknukCbT95ZsPzpx1bn-B6lfJgRWjfr35rPvpv13Qkm_TGh9DnzlxphwJae4FpPCXdASZZ244s0RBbFXnBBpVdH_ol3BgDogHb7OzxaHFYNlCiXba2eUN0eje7gSHfjcJFdHXu-mCPR8Hr2XvievAB3VWWRGFRLCCoNxtIB9FFWpj1q0Y"],"sec-ch-ua-platform":["\"Linux\""],"content-length":["44"],"connection":["keep-alive"],"host":["localhost"]},"raw_body":"{\"order_id\":1,\"destination_cep\":\"29360-000\"}","all_data":{"order_id":1,"destination_cep":"29360-000"},"query_params":[]} 
[2026-02-27 00:06:33] local.INFO: Shipping Calculate: Dados validados {"validated_data":{"order_id":1,"destination_cep":"29360-000"}} 
[2026-02-27 00:06:33] local.INFO: Shipping Calculate: Buscando pedido {"order_id":1} 
[2026-02-27 00:06:33] local.INFO: Shipping Calculate: Pedido carregado {"order_id":1,"order_number":"PSK-XN46KTDV","items_count":1,"items":[{"id":1,"product_id":30,"product_name":"Tenda 21m × 12m (252m²)","quantity":1,"box_id":1,"box_name":"Caixa frande"}]} 
[2026-02-27 00:06:33] local.INFO: Shipping Calculate: Iniciando cálculo de frete {"order_id":1,"destination_cep":"29360-000"} 
[2026-02-27 00:06:33] local.ERROR: Melhor Envio: Token não encontrado ou inválido  
[2026-02-27 00:06:33] local.ERROR: Shipping Calculate: Erro ao calcular frete {"order_id":1,"destination_cep":"29360-000","error_message":"Token do Melhor Envio não encontrado ou inválido. É necessário autenticar primeiro. Acesse: https://sandbox.melhorenvio.com.br/oauth/authorize?client_id=22703&redirect_uri=http%3A%2F%2Flocalhost%2Fapi%2Fmelhor-envio%2Fcallback&response_type=code&scope=shipping-calculate+shipping-generate+shipping-tracking ou use a rota /api/melhor-envio/authorize","error_trace":"#0 /var/www/html/app/Http/Controllers/Api/ShippingController.php(115): App\\Services\\ShippingService->calculateShipping(Object(App\\Models\\Order), '29360-000')
#1 /var/www/html/vendor/laravel/framework/src/Illuminate/Routing/ControllerDispatcher.php(47): App\\Http\\Controllers\\Api\\ShippingController->calculate(Object(Illuminate\\Http\\Request))
#2 /var/www/html/vendor/laravel/framework/src/Illuminate/Routing/Route.php(266): Illuminate\\Routing\\ControllerDispatcher->dispatch(Object(Illuminate\\Routing\\Route), Object(App\\Http\\Controllers\\Api\\ShippingController), 'calculate')
#3 /var/www/html/vendor/laravel/framework/src/Illuminate/Routing/Route.php(212): Illuminate\\Routing\\Route->runController()
#4 /var/www/html/vendor/laravel/framework/src/Illuminate/Routing/Router.php(808): Illuminate\\Routing\\Route->run()
#5 /var/www/html/vendor/laravel/framework/src/Illuminate/Pipeline/Pipeline.php(170): Illuminate\\Routing\\Router->Illuminate\\Routing\\{closure}(Object(Illuminate\\Http\\Request))
#6 /var/www/html/vendor/laravel/framework/src/Illuminate/Routing/Middleware/SubstituteBindings.php(51): Illuminate\\Pipeline\\Pipeline->Illuminate\\Pipeline\\{closure}(Object(Illuminate\\Http\\Request))
#7 /var/www/html/vendor/laravel/framework/src/Illuminate/Pipeline/Pipeline.php(209): Illuminate\\Routing\\Middleware\\SubstituteBindings->handle(Object(Illuminate\\Http\\Request), Object(Closure))
#8 /var/www/html/vendor/laravel/sanctum/src/Http/Middleware/EnsureFrontendRequestsAreStateful.php(26): Illuminate\\Pipeline\\Pipeline->Illuminate\\Pipeline\\{closure}(Object(Illuminate\\Http\\Request))
#9 /var/www/html/vendor/laravel/framework/src/Illuminate/Pipeline/Pipeline.php(170): Laravel\\Sanctum\\Http\\Middleware\\EnsureFrontendRequestsAreStateful->Laravel\\Sanctum\\Http\\Middleware\\{closure}(Object(Illuminate\\Http\\Request))
#10 /var/www/html/vendor/laravel/sanctum/src/Http/Middleware/AuthenticateSession.php(60): Illuminate\\Pipeline\\Pipeline->Illuminate\\Pipeline\\{closure}(Object(Illuminate\\Http\\Request))
#11 /var/www/html/vendor/laravel/framework/src/Illuminate/Pipeline/Pipeline.php(209): Laravel\\Sanctum\\Http\\Middleware\\AuthenticateSession->handle(Object(Illuminate\\Http\\Request), Object(Closure))
#12 /var/www/html/vendor/laravel/framework/src/Illuminate/Foundation/Http/Middleware/VerifyCsrfToken.php(88): Illuminate\\Pipeline\\Pipeline->Illuminate\\Pipeline\\{closure}(Object(Illuminate\\Http\\Request))
#13 /var/www/html/vendor/laravel/framework/src/Illuminate/Pipeline/Pipeline.php(209): Illuminate\\Foundation\\Http\\Middleware\\VerifyCsrfToken->handle(Object(Illuminate\\Http\\Request), Object(Closure))
#14 /var/www/html/vendor/laravel/framework/src/Illuminate/Session/Middleware/StartSession.php(121): Illuminate\\Pipeline\\Pipeline->Illuminate\\Pipeline\\{closure}(Object(Illuminate\\Http\\Request))
#15 /var/www/html/vendor/laravel/framework/src/Illuminate/Session/Middleware/StartSession.php(64): Illuminate\\Session\\Middleware\\StartSession->handleStatefulRequest(Object(Illuminate\\Http\\Request), Object(Illuminate\\Session\\Store), Object(Closure))
#16 /var/www/html/vendor/laravel/framework/src/Illuminate/Pipeline/Pipeline.php(209): Illuminate\\Session\\Middleware\\StartSession->handle(Object(Illuminate\\Http\\Request), Object(Closure))
#17 /var/www/html/vendor/laravel/framework/src/Illuminate/Cookie/Middleware/AddQueuedCookiesToResponse.php(37): Illuminate\\Pipeline\\Pipeline->Illuminate\\Pipeline\\{closure}(Object(Illuminate\\Http\\Request))
#18 /var/www/html/vendor/laravel/framework/src/Illuminate/Pipeline/Pipeline.php(209): Illuminate\\Cookie\\Middleware\\AddQueuedCookiesToResponse->handle(Object(Illuminate\\Http\\Request), Object(Closure))
#19 /var/www/html/vendor/laravel/framework/src/Illuminate/Cookie/Middleware/EncryptCookies.php(75): Illuminate\\Pipeline\\Pipeline->Illuminate\\Pipeline\\{closure}(Object(Illuminate\\Http\\Request))
#20 /var/www/html/vendor/laravel/framework/src/Illuminate/Pipeline/Pipeline.php(209): Illuminate\\Cookie\\Middleware\\EncryptCookies->handle(Object(Illuminate\\Http\\Request), Object(Closure))
#21 /var/www/html/vendor/laravel/sanctum/src/Http/Middleware/EnsureFrontendRequestsAreStateful.php(61): Illuminate\\Pipeline\\Pipeline->Illuminate\\Pipeline\\{closure}(Object(Illuminate\\Http\\Request))
#22 /var/www/html/vendor/laravel/framework/src/Illuminate/Pipeline/Pipeline.php(191): Laravel\\Sanctum\\Http\\Middleware\\EnsureFrontendRequestsAreStateful->Laravel\\Sanctum\\Http\\Middleware\\{closure}(Object(Illuminate\\Http\\Request), Object(Closure))
#23 /var/www/html/vendor/laravel/framework/src/Illuminate/Pipeline/Pipeline.php(127): Illuminate\\Pipeline\\Pipeline->Illuminate\\Pipeline\\{closure}(Object(Illuminate\\Http\\Request))
#24 /var/www/html/vendor/laravel/sanctum/src/Http/Middleware/EnsureFrontendRequestsAreStateful.php(25): Illuminate\\Pipeline\\Pipeline->then(Object(Closure))
#25 /var/www/html/vendor/laravel/framework/src/Illuminate/Pipeline/Pipeline.php(209): Laravel\\Sanctum\\Http\\Middleware\\EnsureFrontendRequestsAreStateful->handle(Object(Illuminate\\Http\\Request), Object(Closure))
#26 /var/www/html/vendor/laravel/framework/src/Illuminate/Pipeline/Pipeline.php(127): Illuminate\\Pipeline\\Pipeline->Illuminate\\Pipeline\\{closure}(Object(Illuminate\\Http\\Request))
#27 /var/www/html/vendor/laravel/framework/src/Illuminate/Routing/Router.php(807): Illuminate\\Pipeline\\Pipeline->then(Object(Closure))
#28 /var/www/html/vendor/laravel/framework/src/Illuminate/Routing/Router.php(786): Illuminate\\Routing\\Router->runRouteWithinStack(Object(Illuminate\\Routing\\Route), Object(Illuminate\\Http\\Request))
#29 /var/www/html/vendor/laravel/framework/src/Illuminate/Routing/Router.php(750): Illuminate\\Routing\\Router->runRoute(Object(Illuminate\\Http\\Request), Object(Illuminate\\Routing\\Route))
#30 /var/www/html/vendor/laravel/framework/src/Illuminate/Routing/Router.php(739): Illuminate\\Routing\\Router->dispatchToRoute(Object(Illuminate\\Http\\Request))
#31 /var/www/html/vendor/laravel/framework/src/Illuminate/Foundation/Http/Kernel.php(201): Illuminate\\Routing\\Router->dispatch(Object(Illuminate\\Http\\Request))
#32 /var/www/html/vendor/laravel/framework/src/Illuminate/Pipeline/Pipeline.php(170): Illuminate\\Foundation\\Http\\Kernel->Illuminate\\Foundation\\Http\\{closure}(Object(Illuminate\\Http\\Request))
#33 /var/www/html/vendor/laravel/framework/src/Illuminate/Foundation/Http/Middleware/TransformsRequest.php(21): Illuminate\\Pipeline\\Pipeline->Illuminate\\Pipeline\\{closure}(Object(Illuminate\\Http\\Request))
#34 /var/www/html/vendor/laravel/framework/src/Illuminate/Foundation/Http/Middleware/ConvertEmptyStringsToNull.php(31): Illuminate\\Foundation\\Http\\Middleware\\TransformsRequest->handle(Object(Illuminate\\Http\\Request), Object(Closure))
#35 /var/www/html/vendor/laravel/framework/src/Illuminate/Pipeline/Pipeline.php(209): Illuminate\\Foundation\\Http\\Middleware\\ConvertEmptyStringsToNull->handle(Object(Illuminate\\Http\\Request), Object(Closure))
#36 /var/www/html/vendor/laravel/framework/src/Illuminate/Foundation/Http/Middleware/TransformsRequest.php(21): Illuminate\\Pipeline\\Pipeline->Illuminate\\Pipeline\\{closure}(Object(Illuminate\\Http\\Request))
#37 /var/www/html/vendor/laravel/framework/src/Illuminate/Foundation/Http/Middleware/TrimStrings.php(51): Illuminate\\Foundation\\Http\\Middleware\\TransformsRequest->handle(Object(Illuminate\\Http\\Request), Object(Closure))
#38 /var/www/html/vendor/laravel/framework/src/Illuminate/Pipeline/Pipeline.php(209): Illuminate\\Foundation\\Http\\Middleware\\TrimStrings->handle(Object(Illuminate\\Http\\Request), Object(Closure))
#39 /var/www/html/vendor/laravel/framework/src/Illuminate/Http/Middleware/ValidatePostSize.php(27): Illuminate\\Pipeline\\Pipeline->Illuminate\\Pipeline\\{closure}(Object(Illuminate\\Http\\Request))
#40 /var/www/html/vendor/laravel/framework/src/Illuminate/Pipeline/Pipeline.php(209): Illuminate\\Http\\Middleware\\ValidatePostSize->handle(Object(Illuminate\\Http\\Request), Object(Closure))
#41 /var/www/html/vendor/laravel/framework/src/Illuminate/Foundation/Http/Middleware/PreventRequestsDuringMaintenance.php(110): Illuminate\\Pipeline\\Pipeline->Illuminate\\Pipeline\\{closure}(Object(Illuminate\\Http\\Request))
#42 /var/www/html/vendor/laravel/framework/src/Illuminate/Pipeline/Pipeline.php(209): Illuminate\\Foundation\\Http\\Middleware\\PreventRequestsDuringMaintenance->handle(Object(Illuminate\\Http\\Request), Object(Closure))
#43 /var/www/html/vendor/laravel/framework/src/Illuminate/Http/Middleware/HandleCors.php(62): Illuminate\\Pipeline\\Pipeline->Illuminate\\Pipeline\\{closure}(Object(Illuminate\\Http\\Request))
#44 /var/www/html/vendor/laravel/framework/src/Illuminate/Pipeline/Pipeline.php(209): Illuminate\\Http\\Middleware\\HandleCors->handle(Object(Illuminate\\Http\\Request), Object(Closure))
#45 /var/www/html/vendor/laravel/framework/src/Illuminate/Http/Middleware/TrustProxies.php(58): Illuminate\\Pipeline\\Pipeline->Illuminate\\Pipeline\\{closure}(Object(Illuminate\\Http\\Request))
#46 /var/www/html/vendor/laravel/framework/src/Illuminate/Pipeline/Pipeline.php(209): Illuminate\\Http\\Middleware\\TrustProxies->handle(Object(Illuminate\\Http\\Request), Object(Closure))
#47 /var/www/html/vendor/laravel/framework/src/Illuminate/Foundation/Http/Middleware/InvokeDeferredCallbacks.php(22): Illuminate\\Pipeline\\Pipeline->Illuminate\\Pipeline\\{closure}(Object(Illuminate\\Http\\Request))
#48 /var/www/html/vendor/laravel/framework/src/Illuminate/Pipeline/Pipeline.php(209): Illuminate\\Foundation\\Http\\Middleware\\InvokeDeferredCallbacks->handle(Object(Illuminate\\Http\\Request), Object(Closure))
#49 /var/www/html/vendor/laravel/framework/src/Illuminate/Pipeline/Pipeline.php(127): Illuminate\\Pipeline\\Pipeline->Illuminate\\Pipeline\\{closure}(Object(Illuminate\\Http\\Request))
#50 /var/www/html/vendor/laravel/framework/src/Illuminate/Foundation/Http/Kernel.php(176): Illuminate\\Pipeline\\Pipeline->then(Object(Closure))
#51 /var/www/html/vendor/laravel/framework/src/Illuminate/Foundation/Http/Kernel.php(145): Illuminate\\Foundation\\Http\\Kernel->sendRequestThroughRouter(Object(Illuminate\\Http\\Request))
#52 /var/www/html/vendor/laravel/framework/src/Illuminate/Foundation/Application.php(1220): Illuminate\\Foundation\\Http\\Kernel->handle(Object(Illuminate\\Http\\Request))
#53 /var/www/html/public/index.php(17): Illuminate\\Foundation\\Application->handleRequest(Object(Illuminate\\Http\\Request))
#54 {main}","error_file":"/var/www/html/app/Services/ShippingService.php","error_line":125} 
